{"/Users/rodrigogramitto/Desktop/HR/projects/FEC/atelier/product-detail-page/client/src/components/relatedItems/controller.js": {"path":"/Users/rodrigogramitto/Desktop/HR/projects/FEC/atelier/product-detail-page/client/src/components/relatedItems/controller.js","statementMap":{"0":{"start":{"line":1,"column":14},"end":{"line":1,"column":30}},"1":{"start":{"line":5,"column":2},"end":{"line":35,"column":1}},"2":{"start":{"line":7,"column":6},"end":{"line":13,"column":8}},"3":{"start":{"line":9,"column":8},"end":{"line":9,"column":29}},"4":{"start":{"line":12,"column":8},"end":{"line":12,"column":54}},"5":{"start":{"line":17,"column":4},"end":{"line":23,"column":6}},"6":{"start":{"line":19,"column":6},"end":{"line":19,"column":26}},"7":{"start":{"line":22,"column":6},"end":{"line":22,"column":23}},"8":{"start":{"line":27,"column":4},"end":{"line":33,"column":6}},"9":{"start":{"line":29,"column":6},"end":{"line":29,"column":26}},"10":{"start":{"line":32,"column":6},"end":{"line":32,"column":23}}},"fnMap":{"0":{"name":"(anonymous_0)","decl":{"start":{"line":6,"column":24},"end":{"line":6,"column":25}},"loc":{"start":{"line":6,"column":49},"end":{"line":14,"column":3}},"line":6},"1":{"name":"(anonymous_1)","decl":{"start":{"line":8,"column":12},"end":{"line":8,"column":13}},"loc":{"start":{"line":8,"column":26},"end":{"line":10,"column":7}},"line":8},"2":{"name":"(anonymous_2)","decl":{"start":{"line":11,"column":13},"end":{"line":11,"column":14}},"loc":{"start":{"line":11,"column":22},"end":{"line":13,"column":7}},"line":11},"3":{"name":"(anonymous_3)","decl":{"start":{"line":16,"column":20},"end":{"line":16,"column":21}},"loc":{"start":{"line":16,"column":35},"end":{"line":24,"column":3}},"line":16},"4":{"name":"(anonymous_4)","decl":{"start":{"line":18,"column":10},"end":{"line":18,"column":11}},"loc":{"start":{"line":18,"column":23},"end":{"line":20,"column":5}},"line":18},"5":{"name":"(anonymous_5)","decl":{"start":{"line":21,"column":11},"end":{"line":21,"column":12}},"loc":{"start":{"line":21,"column":20},"end":{"line":23,"column":5}},"line":21},"6":{"name":"(anonymous_6)","decl":{"start":{"line":26,"column":21},"end":{"line":26,"column":22}},"loc":{"start":{"line":26,"column":36},"end":{"line":34,"column":3}},"line":26},"7":{"name":"(anonymous_7)","decl":{"start":{"line":28,"column":10},"end":{"line":28,"column":11}},"loc":{"start":{"line":28,"column":23},"end":{"line":30,"column":5}},"line":28},"8":{"name":"(anonymous_8)","decl":{"start":{"line":31,"column":11},"end":{"line":31,"column":12}},"loc":{"start":{"line":31,"column":20},"end":{"line":33,"column":5}},"line":31}},"branchMap":{"0":{"loc":{"start":{"line":6,"column":25},"end":{"line":6,"column":44}},"type":"default-arg","locations":[{"start":{"line":6,"column":37},"end":{"line":6,"column":44}}],"line":6}},"s":{"0":1,"1":1,"2":2,"3":2,"4":0,"5":2,"6":2,"7":0,"8":1,"9":1,"10":0},"f":{"0":2,"1":2,"2":0,"3":2,"4":2,"5":0,"6":1,"7":1,"8":0},"b":{"0":[1]},"_coverageSchema":"1a1c01bbd47fc00a2c39e90264f33305004495a9","hash":"f0ad35debe6be33e75081d1a2d57cbcdd451e871"}
}
