TN:
SF:client/src/components/relatedItems/controller.js
FN:6,(anonymous_0)
FN:8,(anonymous_1)
FN:11,(anonymous_2)
FN:16,(anonymous_3)
FN:18,(anonymous_4)
FN:21,(anonymous_5)
FN:26,(anonymous_6)
FN:28,(anonymous_7)
FN:31,(anonymous_8)
FNF:9
FNH:6
FNDA:2,(anonymous_0)
FNDA:2,(anonymous_1)
FNDA:0,(anonymous_2)
FNDA:2,(anonymous_3)
FNDA:2,(anonymous_4)
FNDA:0,(anonymous_5)
FNDA:1,(anonymous_6)
FNDA:1,(anonymous_7)
FNDA:0,(anonymous_8)
DA:1,1
DA:5,1
DA:7,2
DA:9,2
DA:12,0
DA:17,2
DA:19,2
DA:22,0
DA:27,1
DA:29,1
DA:32,0
LF:11
LH:8
BRDA:6,0,0,1
BRF:1
BRH:1
end_of_record
